[debug] [2025-03-25T18:13:51.632Z] ----------------------------------------------------------------------
[debug] [2025-03-25T18:13:51.634Z] Command:       /nix/store/ixbb20farqh1f4fqbmsn6b1ixn8mc8ij-nodejs-20.18.1/bin/node /nix/store/afsz9hjxdxs4jy6iiw7sdv54cna6j7gm-firebase-tools-13.34.0/lib/node_modules/firebase-tools/lib/bin/firebase.js init hosting
[debug] [2025-03-25T18:13:51.635Z] CLI Version:   13.34.0
[debug] [2025-03-25T18:13:51.635Z] Platform:      linux
[debug] [2025-03-25T18:13:51.635Z] Node Version:  v20.18.1
[debug] [2025-03-25T18:13:51.635Z] Time:          Tue Mar 25 2025 18:13:51 GMT+0000 (Coordinated Universal Time)
[debug] [2025-03-25T18:13:51.635Z] ----------------------------------------------------------------------
[debug] 
[debug] [2025-03-25T18:13:51.641Z] > command requires scopes: ["email","openid","https://www.googleapis.com/auth/cloudplatformprojects.readonly","https://www.googleapis.com/auth/firebase","https://www.googleapis.com/auth/cloud-platform"]
[debug] [2025-03-25T18:13:53.451Z] Running auto auth
[info] 
     ######## #### ########  ######## ########     ###     ######  ########
     ##        ##  ##     ## ##       ##     ##  ##   ##  ##       ##
     ######    ##  ########  ######   ########  #########  ######  ######
     ##        ##  ##    ##  ##       ##     ## ##     ##       ## ##
     ##       #### ##     ## ######## ########  ##     ##  ######  ########

You're about to initialize a Firebase project in this directory:

  /home/user/AthLead

[info] 
=== Project Setup
[info] 
[info] First, let's associate this project directory with a Firebase project.
[info] You can create multiple project aliases by running firebase use --add, 
[info] but for now we'll just set up a default project.
[info] 
[info] i  If you want to create a project in a Google Cloud organization or folder, please use "firebase projects:create" instead, and return to this command when you've created the project. 
[debug] [2025-03-25T18:15:21.377Z] No OAuth tokens found
[debug] [2025-03-25T18:15:21.379Z] >>> [apiv2][query] POST https://cloudresourcemanager.googleapis.com/v1/projects [none]
[debug] [2025-03-25T18:15:21.379Z] >>> [apiv2][body] POST https://cloudresourcemanager.googleapis.com/v1/projects {"projectId":"AthLead","name":"AthLead"}
[debug] [2025-03-25T18:15:22.319Z] <<< [apiv2][status] POST https://cloudresourcemanager.googleapis.com/v1/projects 400
[debug] [2025-03-25T18:15:22.319Z] <<< [apiv2][body] POST https://cloudresourcemanager.googleapis.com/v1/projects {"error":{"code":400,"message":"field [project_id] has issue [project_id contains invalid characters]","status":"INVALID_ARGUMENT","details":[{"@type":"type.googleapis.com/google.rpc.BadRequest","fieldViolations":[{"field":"project_id","description":"project_id contains invalid characters"}]},{"@type":"type.googleapis.com/google.rpc.Help","links":[{"url":"https://cloud.google.com/resource-manager/reference/rest/v1/projects"}]}]}}
[debug] [2025-03-25T18:15:22.322Z] FirebaseError: Request to https://cloudresourcemanager.googleapis.com/v1/projects had HTTP Error: 400, field [project_id] has issue [project_id contains invalid characters]
    at responseToError (/nix/store/afsz9hjxdxs4jy6iiw7sdv54cna6j7gm-firebase-tools-13.34.0/lib/node_modules/firebase-tools/lib/responseToError.js:52:12)
    at RetryOperation._fn (/nix/store/afsz9hjxdxs4jy6iiw7sdv54cna6j7gm-firebase-tools-13.34.0/lib/node_modules/firebase-tools/lib/apiv2.js:312:77)
    at process.processTicksAndRejections (node:internal/process/task_queues:95:5)
[error] 
[error] Error: Failed to create project. See firebase-debug.log for more info.
